<?xml version="1.0" encoding="UTF-8"?>
<testsuite xmlns:xsi="http://www.w3.org/2001/XMLSchema-instance" xsi:noNamespaceSchemaLocation="https://maven.apache.org/surefire/maven-surefire-plugin/xsd/surefire-test-report.xsd" name="com.antra.evaluation.reporting_system.PDFTest" time="0.047" tests="2" errors="0" skipped="0" failures="0">
  <properties>
[...]
</properties>
  <testcase name="findFile" classname="com.antra.evaluation.reporting_system.PDFTest" time="0.032"/>
  <testcase name="pdf" classname="com.antra.evaluation.reporting_system.PDFTest" time="0.001"/>
</testsuite>