<?xml version="1.0" encoding="UTF-8"?>
<testsuite xmlns:xsi="http://www.w3.org/2001/XMLSchema-instance" xsi:noNamespaceSchemaLocation="https://maven.apache.org/surefire/maven-surefire-plugin/xsd/surefire-test-report.xsd" name="com.antra.report.client.TestSNS" time="18.178" tests="2" errors="0" skipped="0" failures="0">
  <properties>
[...]
</properties>
  <testcase name="testReportService" classname="com.antra.report.client.TestSNS" time="5.526"/>
  <testcase name="testSNSSend" classname="com.antra.report.client.TestSNS" time="0.004"/>
</testsuite>